{"H:\\workbench\\PERSONAL CORPUS\\AI WHISPERERS CORPORA\\AI WHISPERERS REPOS\\AI-Whisperers-Website-and-Courses\\packages\\state-core\\analytics\\src\\index.ts": {"path":"H:\\workbench\\PERSONAL CORPUS\\AI WHISPERERS CORPORA\\AI WHISPERERS REPOS\\AI-Whisperers-Website-and-Courses\\packages\\state-core\\analytics\\src\\index.ts","statementMap":{"0":{"start":{"line":6,"column":0},"end":{"line":6,"column":23}}},"fnMap":{},"branchMap":{},"s":{"0":0},"f":{},"b":{}}
,"H:\\workbench\\PERSONAL CORPUS\\AI WHISPERERS CORPORA\\AI WHISPERERS REPOS\\AI-Whisperers-Website-and-Courses\\packages\\state-core\\analytics\\src\\store.ts": {"path":"H:\\workbench\\PERSONAL CORPUS\\AI WHISPERERS CORPORA\\AI WHISPERERS REPOS\\AI-Whisperers-Website-and-Courses\\packages\\state-core\\analytics\\src\\store.ts","statementMap":{"0":{"start":{"line":14,"column":0},"end":{"line":14,"column":32}},"1":{"start":{"line":15,"column":0},"end":{"line":15,"column":45}},"2":{"start":{"line":82,"column":21},"end":{"line":89,"column":null}},"3":{"start":{"line":91,"column":13},"end":{"line":242,"column":null}},"4":{"start":{"line":93,"column":19},"end":{"line":239,"column":6}},"5":{"start":{"line":98,"column":22},"end":{"line":98,"column":27}},"6":{"start":{"line":99,"column":8},"end":{"line":99,"column":null}},"7":{"start":{"line":103,"column":22},"end":{"line":103,"column":27}},"8":{"start":{"line":104,"column":8},"end":{"line":104,"column":null}},"9":{"start":{"line":108,"column":22},"end":{"line":108,"column":27}},"10":{"start":{"line":109,"column":8},"end":{"line":109,"column":null}},"11":{"start":{"line":109,"column":37},"end":{"line":109,"column":null}},"12":{"start":{"line":110,"column":8},"end":{"line":110,"column":60}},"13":{"start":{"line":114,"column":22},"end":{"line":114,"column":27}},"14":{"start":{"line":115,"column":27},"end":{"line":120,"column":null}},"15":{"start":{"line":117,"column":12},"end":{"line":117,"column":null}},"16":{"start":{"line":118,"column":12},"end":{"line":118,"column":null}},"17":{"start":{"line":122,"column":8},"end":{"line":125,"column":null}},"18":{"start":{"line":123,"column":35},"end":{"line":123,"column":50}},"19":{"start":{"line":124,"column":26},"end":{"line":124,"column":43}},"20":{"start":{"line":129,"column":22},"end":{"line":129,"column":27}},"21":{"start":{"line":130,"column":8},"end":{"line":130,"column":null}},"22":{"start":{"line":135,"column":26},"end":{"line":135,"column":92}},"23":{"start":{"line":136,"column":8},"end":{"line":139,"column":null}},"24":{"start":{"line":143,"column":8},"end":{"line":146,"column":null}},"25":{"start":{"line":151,"column":8},"end":{"line":161,"column":null}},"26":{"start":{"line":151,"column":24},"end":{"line":161,"column":10}},"27":{"start":{"line":165,"column":8},"end":{"line":169,"column":null}},"28":{"start":{"line":165,"column":24},"end":{"line":169,"column":10}},"29":{"start":{"line":167,"column":12},"end":{"line":167,"column":71}},"30":{"start":{"line":172,"column":39},"end":{"line":172,"column":59}},"31":{"start":{"line":176,"column":8},"end":{"line":184,"column":null}},"32":{"start":{"line":176,"column":24},"end":{"line":184,"column":10}},"33":{"start":{"line":189,"column":8},"end":{"line":198,"column":null}},"34":{"start":{"line":189,"column":24},"end":{"line":198,"column":10}},"35":{"start":{"line":202,"column":8},"end":{"line":216,"column":null}},"36":{"start":{"line":203,"column":26},"end":{"line":203,"column":59}},"37":{"start":{"line":204,"column":10},"end":{"line":215,"column":null}},"38":{"start":{"line":220,"column":8},"end":{"line":234,"column":null}},"39":{"start":{"line":221,"column":26},"end":{"line":221,"column":59}},"40":{"start":{"line":222,"column":10},"end":{"line":233,"column":null}},"41":{"start":{"line":238,"column":19},"end":{"line":238,"column":36}},"42":{"start":{"line":245,"column":30},"end":{"line":245,"column":75}},"43":{"start":{"line":245,"column":36},"end":{"line":245,"column":75}},"44":{"start":{"line":245,"column":61},"end":{"line":245,"column":74}},"45":{"start":{"line":245,"column":13},"end":{"line":245,"column":30}},"46":{"start":{"line":246,"column":33},"end":{"line":246,"column":83}},"47":{"start":{"line":246,"column":39},"end":{"line":246,"column":83}},"48":{"start":{"line":246,"column":64},"end":{"line":246,"column":82}},"49":{"start":{"line":246,"column":13},"end":{"line":246,"column":33}},"50":{"start":{"line":247,"column":36},"end":{"line":247,"column":89}},"51":{"start":{"line":247,"column":42},"end":{"line":247,"column":89}},"52":{"start":{"line":247,"column":67},"end":{"line":247,"column":88}},"53":{"start":{"line":247,"column":13},"end":{"line":247,"column":36}},"54":{"start":{"line":248,"column":34},"end":{"line":248,"column":92}},"55":{"start":{"line":248,"column":40},"end":{"line":248,"column":92}},"56":{"start":{"line":248,"column":65},"end":{"line":248,"column":91}},"57":{"start":{"line":248,"column":13},"end":{"line":248,"column":34}},"58":{"start":{"line":249,"column":34},"end":{"line":249,"column":85}},"59":{"start":{"line":249,"column":40},"end":{"line":249,"column":85}},"60":{"start":{"line":249,"column":65},"end":{"line":249,"column":84}},"61":{"start":{"line":249,"column":13},"end":{"line":249,"column":34}},"62":{"start":{"line":250,"column":35},"end":{"line":251,"column":59}},"63":{"start":{"line":251,"column":2},"end":{"line":251,"column":59}},"64":{"start":{"line":251,"column":27},"end":{"line":251,"column":58}},"65":{"start":{"line":250,"column":13},"end":{"line":250,"column":35}}},"fnMap":{"0":{"name":"(anonymous_0)","decl":{"start":{"line":93,"column":4},"end":{"line":93,"column":5}},"loc":{"start":{"line":93,"column":19},"end":{"line":239,"column":6}}},"1":{"name":"(anonymous_1)","decl":{"start":{"line":97,"column":22},"end":{"line":97,"column":25}},"loc":{"start":{"line":97,"column":27},"end":{"line":100,"column":7}}},"2":{"name":"(anonymous_2)","decl":{"start":{"line":102,"column":25},"end":{"line":102,"column":28}},"loc":{"start":{"line":102,"column":30},"end":{"line":105,"column":7}}},"3":{"name":"(anonymous_3)","decl":{"start":{"line":107,"column":30},"end":{"line":107,"column":33}},"loc":{"start":{"line":107,"column":35},"end":{"line":111,"column":7}}},"4":{"name":"(anonymous_4)","decl":{"start":{"line":113,"column":23},"end":{"line":113,"column":26}},"loc":{"start":{"line":113,"column":28},"end":{"line":126,"column":7}}},"5":{"name":"(anonymous_5)","decl":{"start":{"line":116,"column":10},"end":{"line":116,"column":11}},"loc":{"start":{"line":116,"column":22},"end":{"line":119,"column":11}}},"6":{"name":"(anonymous_6)","decl":{"start":{"line":123,"column":15},"end":{"line":123,"column":16}},"loc":{"start":{"line":123,"column":35},"end":{"line":123,"column":50}}},"7":{"name":"(anonymous_7)","decl":{"start":{"line":124,"column":16},"end":{"line":124,"column":17}},"loc":{"start":{"line":124,"column":26},"end":{"line":124,"column":43}}},"8":{"name":"(anonymous_8)","decl":{"start":{"line":128,"column":27},"end":{"line":128,"column":28}},"loc":{"start":{"line":128,"column":48},"end":{"line":131,"column":7}}},"9":{"name":"(anonymous_9)","decl":{"start":{"line":134,"column":20},"end":{"line":134,"column":23}},"loc":{"start":{"line":134,"column":25},"end":{"line":140,"column":7}}},"10":{"name":"(anonymous_10)","decl":{"start":{"line":142,"column":18},"end":{"line":142,"column":21}},"loc":{"start":{"line":142,"column":23},"end":{"line":147,"column":7}}},"11":{"name":"(anonymous_11)","decl":{"start":{"line":150,"column":21},"end":{"line":150,"column":22}},"loc":{"start":{"line":150,"column":40},"end":{"line":162,"column":7}}},"12":{"name":"(anonymous_12)","decl":{"start":{"line":151,"column":12},"end":{"line":151,"column":13}},"loc":{"start":{"line":151,"column":24},"end":{"line":161,"column":10}}},"13":{"name":"(anonymous_13)","decl":{"start":{"line":164,"column":26},"end":{"line":164,"column":27}},"loc":{"start":{"line":164,"column":45},"end":{"line":170,"column":7}}},"14":{"name":"(anonymous_14)","decl":{"start":{"line":165,"column":12},"end":{"line":165,"column":13}},"loc":{"start":{"line":165,"column":24},"end":{"line":169,"column":10}}},"15":{"name":"(anonymous_15)","decl":{"start":{"line":166,"column":41},"end":{"line":166,"column":42}},"loc":{"start":{"line":167,"column":12},"end":{"line":167,"column":71}}},"16":{"name":"(anonymous_16)","decl":{"start":{"line":172,"column":22},"end":{"line":172,"column":23}},"loc":{"start":{"line":172,"column":39},"end":{"line":172,"column":59}}},"17":{"name":"(anonymous_17)","decl":{"start":{"line":175,"column":24},"end":{"line":175,"column":25}},"loc":{"start":{"line":175,"column":40},"end":{"line":185,"column":7}}},"18":{"name":"(anonymous_18)","decl":{"start":{"line":176,"column":12},"end":{"line":176,"column":13}},"loc":{"start":{"line":176,"column":24},"end":{"line":184,"column":10}}},"19":{"name":"(anonymous_19)","decl":{"start":{"line":188,"column":30},"end":{"line":188,"column":31}},"loc":{"start":{"line":188,"column":52},"end":{"line":199,"column":7}}},"20":{"name":"(anonymous_20)","decl":{"start":{"line":189,"column":12},"end":{"line":189,"column":13}},"loc":{"start":{"line":189,"column":24},"end":{"line":198,"column":10}}},"21":{"name":"(anonymous_21)","decl":{"start":{"line":201,"column":30},"end":{"line":201,"column":31}},"loc":{"start":{"line":201,"column":43},"end":{"line":217,"column":7}}},"22":{"name":"(anonymous_22)","decl":{"start":{"line":202,"column":12},"end":{"line":202,"column":13}},"loc":{"start":{"line":202,"column":22},"end":{"line":216,"column":9}}},"23":{"name":"(anonymous_23)","decl":{"start":{"line":219,"column":21},"end":{"line":219,"column":22}},"loc":{"start":{"line":219,"column":43},"end":{"line":235,"column":7}}},"24":{"name":"(anonymous_24)","decl":{"start":{"line":220,"column":12},"end":{"line":220,"column":13}},"loc":{"start":{"line":220,"column":22},"end":{"line":234,"column":9}}},"25":{"name":"(anonymous_25)","decl":{"start":{"line":238,"column":13},"end":{"line":238,"column":16}},"loc":{"start":{"line":238,"column":19},"end":{"line":238,"column":36}}},"26":{"name":"(anonymous_26)","decl":{"start":{"line":245,"column":30},"end":{"line":245,"column":33}},"loc":{"start":{"line":245,"column":36},"end":{"line":245,"column":75}}},"27":{"name":"(anonymous_27)","decl":{"start":{"line":245,"column":54},"end":{"line":245,"column":55}},"loc":{"start":{"line":245,"column":61},"end":{"line":245,"column":74}}},"28":{"name":"(anonymous_28)","decl":{"start":{"line":246,"column":33},"end":{"line":246,"column":36}},"loc":{"start":{"line":246,"column":39},"end":{"line":246,"column":83}}},"29":{"name":"(anonymous_29)","decl":{"start":{"line":246,"column":57},"end":{"line":246,"column":58}},"loc":{"start":{"line":246,"column":64},"end":{"line":246,"column":82}}},"30":{"name":"(anonymous_30)","decl":{"start":{"line":247,"column":36},"end":{"line":247,"column":39}},"loc":{"start":{"line":247,"column":42},"end":{"line":247,"column":89}}},"31":{"name":"(anonymous_31)","decl":{"start":{"line":247,"column":60},"end":{"line":247,"column":61}},"loc":{"start":{"line":247,"column":67},"end":{"line":247,"column":88}}},"32":{"name":"(anonymous_32)","decl":{"start":{"line":248,"column":34},"end":{"line":248,"column":37}},"loc":{"start":{"line":248,"column":40},"end":{"line":248,"column":92}}},"33":{"name":"(anonymous_33)","decl":{"start":{"line":248,"column":58},"end":{"line":248,"column":59}},"loc":{"start":{"line":248,"column":65},"end":{"line":248,"column":91}}},"34":{"name":"(anonymous_34)","decl":{"start":{"line":249,"column":34},"end":{"line":249,"column":37}},"loc":{"start":{"line":249,"column":40},"end":{"line":249,"column":85}}},"35":{"name":"(anonymous_35)","decl":{"start":{"line":249,"column":58},"end":{"line":249,"column":59}},"loc":{"start":{"line":249,"column":65},"end":{"line":249,"column":84}}},"36":{"name":"(anonymous_36)","decl":{"start":{"line":250,"column":35},"end":{"line":250,"column":36}},"loc":{"start":{"line":251,"column":2},"end":{"line":251,"column":59}}},"37":{"name":"(anonymous_37)","decl":{"start":{"line":251,"column":20},"end":{"line":251,"column":21}},"loc":{"start":{"line":251,"column":27},"end":{"line":251,"column":58}}}},"branchMap":{"0":{"loc":{"start":{"line":109,"column":8},"end":{"line":109,"column":null}},"type":"if","locations":[{"start":{"line":109,"column":8},"end":{"line":109,"column":null}}]},"1":{"loc":{"start":{"line":117,"column":28},"end":{"line":117,"column":45}},"type":"binary-expr","locations":[{"start":{"line":117,"column":28},"end":{"line":117,"column":40}},{"start":{"line":117,"column":44},"end":{"line":117,"column":45}}]},"2":{"loc":{"start":{"line":130,"column":15},"end":{"line":130,"column":56}},"type":"binary-expr","locations":[{"start":{"line":130,"column":15},"end":{"line":130,"column":48}},{"start":{"line":130,"column":52},"end":{"line":130,"column":56}}]},"3":{"loc":{"start":{"line":167,"column":12},"end":{"line":167,"column":71}},"type":"cond-expr","locations":[{"start":{"line":167,"column":47},"end":{"line":167,"column":66}},{"start":{"line":167,"column":69},"end":{"line":167,"column":71}}]},"4":{"loc":{"start":{"line":167,"column":12},"end":{"line":167,"column":44}},"type":"binary-expr","locations":[{"start":{"line":167,"column":12},"end":{"line":167,"column":28}},{"start":{"line":167,"column":32},"end":{"line":167,"column":44}}]},"5":{"loc":{"start":{"line":209,"column":32},"end":{"line":209,"column":59}},"type":"binary-expr","locations":[{"start":{"line":209,"column":32},"end":{"line":209,"column":54}},{"start":{"line":209,"column":58},"end":{"line":209,"column":59}}]},"6":{"loc":{"start":{"line":210,"column":27},"end":{"line":210,"column":50}},"type":"binary-expr","locations":[{"start":{"line":210,"column":27},"end":{"line":210,"column":45}},{"start":{"line":210,"column":49},"end":{"line":210,"column":50}}]},"7":{"loc":{"start":{"line":212,"column":32},"end":{"line":212,"column":60}},"type":"binary-expr","locations":[{"start":{"line":212,"column":32},"end":{"line":212,"column":55}},{"start":{"line":212,"column":59},"end":{"line":212,"column":60}}]},"8":{"loc":{"start":{"line":227,"column":31},"end":{"line":227,"column":58}},"type":"binary-expr","locations":[{"start":{"line":227,"column":31},"end":{"line":227,"column":53}},{"start":{"line":227,"column":57},"end":{"line":227,"column":58}}]},"9":{"loc":{"start":{"line":228,"column":28},"end":{"line":228,"column":51}},"type":"binary-expr","locations":[{"start":{"line":228,"column":28},"end":{"line":228,"column":46}},{"start":{"line":228,"column":50},"end":{"line":228,"column":51}}]},"10":{"loc":{"start":{"line":230,"column":32},"end":{"line":230,"column":60}},"type":"binary-expr","locations":[{"start":{"line":230,"column":32},"end":{"line":230,"column":55}},{"start":{"line":230,"column":59},"end":{"line":230,"column":60}}]}},"s":{"0":1,"1":1,"2":1,"3":1,"4":1,"5":4,"6":4,"7":4,"8":4,"9":5,"10":5,"11":1,"12":4,"13":111,"14":111,"15":239,"16":239,"17":111,"18":127,"19":16,"20":4,"21":4,"22":8,"23":8,"24":2,"25":39,"26":39,"27":2,"28":2,"29":3,"30":2,"31":16,"32":16,"33":2,"34":2,"35":10,"36":10,"37":10,"38":7,"39":7,"40":7,"41":34,"42":1,"43":1,"44":3,"45":1,"46":1,"47":1,"48":3,"49":1,"50":1,"51":1,"52":3,"53":1,"54":1,"55":1,"56":3,"57":1,"58":1,"59":54,"60":109,"61":1,"62":1,"63":1,"64":2,"65":1},"f":{"0":1,"1":4,"2":4,"3":5,"4":111,"5":239,"6":127,"7":16,"8":4,"9":8,"10":2,"11":39,"12":39,"13":2,"14":2,"15":3,"16":2,"17":16,"18":16,"19":2,"20":2,"21":10,"22":10,"23":7,"24":7,"25":34,"26":1,"27":3,"28":1,"29":3,"30":1,"31":3,"32":1,"33":3,"34":54,"35":109,"36":1,"37":2},"b":{"0":[1],"1":[239,127],"2":[4,1],"3":[3,0],"4":[3,3],"5":[10,8],"6":[10,10],"7":[10,10],"8":[7,3],"9":[7,5],"10":[7,7]}}
,"H:\\workbench\\PERSONAL CORPUS\\AI WHISPERERS CORPORA\\AI WHISPERERS REPOS\\AI-Whisperers-Website-and-Courses\\packages\\state-core\\courses\\src\\index.ts": {"path":"H:\\workbench\\PERSONAL CORPUS\\AI WHISPERERS CORPORA\\AI WHISPERERS REPOS\\AI-Whisperers-Website-and-Courses\\packages\\state-core\\courses\\src\\index.ts","statementMap":{"0":{"start":{"line":6,"column":0},"end":{"line":6,"column":23}}},"fnMap":{},"branchMap":{},"s":{"0":0},"f":{},"b":{}}
,"H:\\workbench\\PERSONAL CORPUS\\AI WHISPERERS CORPORA\\AI WHISPERERS REPOS\\AI-Whisperers-Website-and-Courses\\packages\\state-core\\courses\\src\\store.ts": {"path":"H:\\workbench\\PERSONAL CORPUS\\AI WHISPERERS CORPORA\\AI WHISPERERS REPOS\\AI-Whisperers-Website-and-Courses\\packages\\state-core\\courses\\src\\store.ts","statementMap":{"0":{"start":{"line":14,"column":0},"end":{"line":14,"column":32}},"1":{"start":{"line":15,"column":0},"end":{"line":15,"column":54}},"2":{"start":{"line":72,"column":21},"end":{"line":78,"column":null}},"3":{"start":{"line":80,"column":13},"end":{"line":171,"column":null}},"4":{"start":{"line":83,"column":21},"end":{"line":159,"column":8}},"5":{"start":{"line":88,"column":24},"end":{"line":88,"column":29}},"6":{"start":{"line":89,"column":10},"end":{"line":89,"column":null}},"7":{"start":{"line":89,"column":43},"end":{"line":89,"column":74}},"8":{"start":{"line":93,"column":24},"end":{"line":93,"column":29}},"9":{"start":{"line":94,"column":30},"end":{"line":96,"column":35}},"10":{"start":{"line":95,"column":27},"end":{"line":95,"column":76}},"11":{"start":{"line":96,"column":24},"end":{"line":96,"column":34}},"12":{"start":{"line":97,"column":10},"end":{"line":97,"column":null}},"13":{"start":{"line":97,"column":45},"end":{"line":97,"column":71}},"14":{"start":{"line":101,"column":24},"end":{"line":101,"column":29}},"15":{"start":{"line":102,"column":10},"end":{"line":106,"column":null}},"16":{"start":{"line":104,"column":14},"end":{"line":105,"column":65}},"17":{"start":{"line":110,"column":24},"end":{"line":110,"column":29}},"18":{"start":{"line":111,"column":10},"end":{"line":117,"column":null}},"19":{"start":{"line":114,"column":16},"end":{"line":115,"column":67}},"20":{"start":{"line":121,"column":24},"end":{"line":121,"column":29}},"21":{"start":{"line":122,"column":10},"end":{"line":122,"column":null}},"22":{"start":{"line":122,"column":45},"end":{"line":122,"column":70}},"23":{"start":{"line":126,"column":24},"end":{"line":126,"column":29}},"24":{"start":{"line":127,"column":10},"end":{"line":127,"column":null}},"25":{"start":{"line":127,"column":45},"end":{"line":127,"column":56}},"26":{"start":{"line":131,"column":33},"end":{"line":131,"column":49}},"27":{"start":{"line":133,"column":41},"end":{"line":133,"column":61}},"28":{"start":{"line":135,"column":36},"end":{"line":135,"column":71}},"29":{"start":{"line":138,"column":10},"end":{"line":140,"column":13}},"30":{"start":{"line":138,"column":26},"end":{"line":140,"column":12}},"31":{"start":{"line":143,"column":10},"end":{"line":147,"column":13}},"32":{"start":{"line":143,"column":26},"end":{"line":147,"column":12}},"33":{"start":{"line":145,"column":14},"end":{"line":145,"column":62}},"34":{"start":{"line":150,"column":10},"end":{"line":152,"column":13}},"35":{"start":{"line":150,"column":26},"end":{"line":152,"column":12}},"36":{"start":{"line":151,"column":57},"end":{"line":151,"column":78}},"37":{"start":{"line":154,"column":35},"end":{"line":154,"column":53}},"38":{"start":{"line":156,"column":29},"end":{"line":156,"column":43}},"39":{"start":{"line":158,"column":21},"end":{"line":158,"column":38}},"40":{"start":{"line":163,"column":32},"end":{"line":166,"column":10}},"41":{"start":{"line":174,"column":33},"end":{"line":174,"column":81}},"42":{"start":{"line":174,"column":39},"end":{"line":174,"column":81}},"43":{"start":{"line":174,"column":62},"end":{"line":174,"column":80}},"44":{"start":{"line":174,"column":13},"end":{"line":174,"column":33}},"45":{"start":{"line":175,"column":34},"end":{"line":175,"column":83}},"46":{"start":{"line":175,"column":40},"end":{"line":175,"column":83}},"47":{"start":{"line":175,"column":63},"end":{"line":175,"column":82}},"48":{"start":{"line":175,"column":13},"end":{"line":175,"column":34}},"49":{"start":{"line":176,"column":33},"end":{"line":176,"column":74}},"50":{"start":{"line":176,"column":39},"end":{"line":176,"column":74}},"51":{"start":{"line":176,"column":62},"end":{"line":176,"column":73}},"52":{"start":{"line":176,"column":13},"end":{"line":176,"column":33}},"53":{"start":{"line":177,"column":31},"end":{"line":177,"column":68}},"54":{"start":{"line":177,"column":37},"end":{"line":177,"column":68}},"55":{"start":{"line":177,"column":60},"end":{"line":177,"column":67}},"56":{"start":{"line":177,"column":13},"end":{"line":177,"column":31}},"57":{"start":{"line":178,"column":34},"end":{"line":178,"column":83}},"58":{"start":{"line":178,"column":40},"end":{"line":178,"column":83}},"59":{"start":{"line":178,"column":63},"end":{"line":178,"column":82}},"60":{"start":{"line":178,"column":13},"end":{"line":178,"column":34}},"61":{"start":{"line":179,"column":35},"end":{"line":179,"column":85}},"62":{"start":{"line":179,"column":41},"end":{"line":179,"column":85}},"63":{"start":{"line":179,"column":64},"end":{"line":179,"column":84}},"64":{"start":{"line":179,"column":13},"end":{"line":179,"column":35}},"65":{"start":{"line":180,"column":29},"end":{"line":181,"column":48}},"66":{"start":{"line":181,"column":2},"end":{"line":181,"column":48}},"67":{"start":{"line":181,"column":25},"end":{"line":181,"column":47}},"68":{"start":{"line":180,"column":13},"end":{"line":180,"column":29}}},"fnMap":{"0":{"name":"(anonymous_0)","decl":{"start":{"line":83,"column":6},"end":{"line":83,"column":7}},"loc":{"start":{"line":83,"column":21},"end":{"line":159,"column":8}}},"1":{"name":"(anonymous_1)","decl":{"start":{"line":87,"column":24},"end":{"line":87,"column":27}},"loc":{"start":{"line":87,"column":29},"end":{"line":90,"column":9}}},"2":{"name":"(anonymous_2)","decl":{"start":{"line":89,"column":36},"end":{"line":89,"column":37}},"loc":{"start":{"line":89,"column":43},"end":{"line":89,"column":74}}},"3":{"name":"(anonymous_3)","decl":{"start":{"line":92,"column":25},"end":{"line":92,"column":28}},"loc":{"start":{"line":92,"column":30},"end":{"line":98,"column":9}}},"4":{"name":"(anonymous_4)","decl":{"start":{"line":95,"column":20},"end":{"line":95,"column":21}},"loc":{"start":{"line":95,"column":27},"end":{"line":95,"column":76}}},"5":{"name":"(anonymous_5)","decl":{"start":{"line":96,"column":17},"end":{"line":96,"column":18}},"loc":{"start":{"line":96,"column":24},"end":{"line":96,"column":34}}},"6":{"name":"(anonymous_6)","decl":{"start":{"line":97,"column":38},"end":{"line":97,"column":39}},"loc":{"start":{"line":97,"column":45},"end":{"line":97,"column":71}}},"7":{"name":"(anonymous_7)","decl":{"start":{"line":100,"column":20},"end":{"line":100,"column":21}},"loc":{"start":{"line":100,"column":41},"end":{"line":107,"column":9}}},"8":{"name":"(anonymous_8)","decl":{"start":{"line":103,"column":12},"end":{"line":103,"column":13}},"loc":{"start":{"line":104,"column":14},"end":{"line":105,"column":65}}},"9":{"name":"(anonymous_9)","decl":{"start":{"line":109,"column":33},"end":{"line":109,"column":34}},"loc":{"start":{"line":109,"column":54},"end":{"line":118,"column":9}}},"10":{"name":"(anonymous_10)","decl":{"start":{"line":113,"column":14},"end":{"line":113,"column":15}},"loc":{"start":{"line":114,"column":16},"end":{"line":115,"column":67}}},"11":{"name":"(anonymous_11)","decl":{"start":{"line":120,"column":25},"end":{"line":120,"column":28}},"loc":{"start":{"line":120,"column":30},"end":{"line":123,"column":9}}},"12":{"name":"(anonymous_12)","decl":{"start":{"line":122,"column":38},"end":{"line":122,"column":39}},"loc":{"start":{"line":122,"column":45},"end":{"line":122,"column":70}}},"13":{"name":"(anonymous_13)","decl":{"start":{"line":125,"column":26},"end":{"line":125,"column":29}},"loc":{"start":{"line":125,"column":31},"end":{"line":128,"column":9}}},"14":{"name":"(anonymous_14)","decl":{"start":{"line":127,"column":38},"end":{"line":127,"column":39}},"loc":{"start":{"line":127,"column":45},"end":{"line":127,"column":56}}},"15":{"name":"(anonymous_15)","decl":{"start":{"line":131,"column":20},"end":{"line":131,"column":21}},"loc":{"start":{"line":131,"column":33},"end":{"line":131,"column":49}}},"16":{"name":"(anonymous_16)","decl":{"start":{"line":133,"column":24},"end":{"line":133,"column":25}},"loc":{"start":{"line":133,"column":41},"end":{"line":133,"column":61}}},"17":{"name":"(anonymous_17)","decl":{"start":{"line":135,"column":22},"end":{"line":135,"column":23}},"loc":{"start":{"line":135,"column":36},"end":{"line":135,"column":71}}},"18":{"name":"(anonymous_18)","decl":{"start":{"line":137,"column":23},"end":{"line":137,"column":24}},"loc":{"start":{"line":138,"column":10},"end":{"line":140,"column":13}}},"19":{"name":"(anonymous_19)","decl":{"start":{"line":138,"column":14},"end":{"line":138,"column":15}},"loc":{"start":{"line":138,"column":26},"end":{"line":140,"column":12}}},"20":{"name":"(anonymous_20)","decl":{"start":{"line":142,"column":26},"end":{"line":142,"column":27}},"loc":{"start":{"line":143,"column":10},"end":{"line":147,"column":13}}},"21":{"name":"(anonymous_21)","decl":{"start":{"line":143,"column":14},"end":{"line":143,"column":15}},"loc":{"start":{"line":143,"column":26},"end":{"line":147,"column":12}}},"22":{"name":"(anonymous_22)","decl":{"start":{"line":144,"column":47},"end":{"line":144,"column":48}},"loc":{"start":{"line":145,"column":14},"end":{"line":145,"column":62}}},"23":{"name":"(anonymous_23)","decl":{"start":{"line":149,"column":26},"end":{"line":149,"column":27}},"loc":{"start":{"line":150,"column":10},"end":{"line":152,"column":13}}},"24":{"name":"(anonymous_24)","decl":{"start":{"line":150,"column":14},"end":{"line":150,"column":15}},"loc":{"start":{"line":150,"column":26},"end":{"line":152,"column":12}}},"25":{"name":"(anonymous_25)","decl":{"start":{"line":151,"column":50},"end":{"line":151,"column":51}},"loc":{"start":{"line":151,"column":57},"end":{"line":151,"column":78}}},"26":{"name":"(anonymous_26)","decl":{"start":{"line":154,"column":20},"end":{"line":154,"column":21}},"loc":{"start":{"line":154,"column":35},"end":{"line":154,"column":53}}},"27":{"name":"(anonymous_27)","decl":{"start":{"line":156,"column":18},"end":{"line":156,"column":19}},"loc":{"start":{"line":156,"column":29},"end":{"line":156,"column":43}}},"28":{"name":"(anonymous_28)","decl":{"start":{"line":158,"column":15},"end":{"line":158,"column":18}},"loc":{"start":{"line":158,"column":21},"end":{"line":158,"column":38}}},"29":{"name":"(anonymous_29)","decl":{"start":{"line":163,"column":20},"end":{"line":163,"column":21}},"loc":{"start":{"line":163,"column":32},"end":{"line":166,"column":10}}},"30":{"name":"(anonymous_30)","decl":{"start":{"line":174,"column":33},"end":{"line":174,"column":36}},"loc":{"start":{"line":174,"column":39},"end":{"line":174,"column":81}}},"31":{"name":"(anonymous_31)","decl":{"start":{"line":174,"column":55},"end":{"line":174,"column":56}},"loc":{"start":{"line":174,"column":62},"end":{"line":174,"column":80}}},"32":{"name":"(anonymous_32)","decl":{"start":{"line":175,"column":34},"end":{"line":175,"column":37}},"loc":{"start":{"line":175,"column":40},"end":{"line":175,"column":83}}},"33":{"name":"(anonymous_33)","decl":{"start":{"line":175,"column":56},"end":{"line":175,"column":57}},"loc":{"start":{"line":175,"column":63},"end":{"line":175,"column":82}}},"34":{"name":"(anonymous_34)","decl":{"start":{"line":176,"column":33},"end":{"line":176,"column":36}},"loc":{"start":{"line":176,"column":39},"end":{"line":176,"column":74}}},"35":{"name":"(anonymous_35)","decl":{"start":{"line":176,"column":55},"end":{"line":176,"column":56}},"loc":{"start":{"line":176,"column":62},"end":{"line":176,"column":73}}},"36":{"name":"(anonymous_36)","decl":{"start":{"line":177,"column":31},"end":{"line":177,"column":34}},"loc":{"start":{"line":177,"column":37},"end":{"line":177,"column":68}}},"37":{"name":"(anonymous_37)","decl":{"start":{"line":177,"column":53},"end":{"line":177,"column":54}},"loc":{"start":{"line":177,"column":60},"end":{"line":177,"column":67}}},"38":{"name":"(anonymous_38)","decl":{"start":{"line":178,"column":34},"end":{"line":178,"column":37}},"loc":{"start":{"line":178,"column":40},"end":{"line":178,"column":83}}},"39":{"name":"(anonymous_39)","decl":{"start":{"line":178,"column":56},"end":{"line":178,"column":57}},"loc":{"start":{"line":178,"column":63},"end":{"line":178,"column":82}}},"40":{"name":"(anonymous_40)","decl":{"start":{"line":179,"column":35},"end":{"line":179,"column":38}},"loc":{"start":{"line":179,"column":41},"end":{"line":179,"column":85}}},"41":{"name":"(anonymous_41)","decl":{"start":{"line":179,"column":57},"end":{"line":179,"column":58}},"loc":{"start":{"line":179,"column":64},"end":{"line":179,"column":84}}},"42":{"name":"(anonymous_42)","decl":{"start":{"line":180,"column":29},"end":{"line":180,"column":30}},"loc":{"start":{"line":181,"column":2},"end":{"line":181,"column":48}}},"43":{"name":"(anonymous_43)","decl":{"start":{"line":181,"column":18},"end":{"line":181,"column":19}},"loc":{"start":{"line":181,"column":25},"end":{"line":181,"column":47}}}},"branchMap":{"0":{"loc":{"start":{"line":89,"column":17},"end":{"line":89,"column":83}},"type":"binary-expr","locations":[{"start":{"line":89,"column":17},"end":{"line":89,"column":75}},{"start":{"line":89,"column":79},"end":{"line":89,"column":83}}]},"1":{"loc":{"start":{"line":95,"column":27},"end":{"line":95,"column":76}},"type":"binary-expr","locations":[{"start":{"line":95,"column":27},"end":{"line":95,"column":48}},{"start":{"line":95,"column":52},"end":{"line":95,"column":76}}]},"2":{"loc":{"start":{"line":104,"column":14},"end":{"line":105,"column":65}},"type":"binary-expr","locations":[{"start":{"line":104,"column":14},"end":{"line":104,"column":37}},{"start":{"line":105,"column":15},"end":{"line":105,"column":36}},{"start":{"line":105,"column":40},"end":{"line":105,"column":64}}]},"3":{"loc":{"start":{"line":112,"column":12},"end":{"line":116,"column":21}},"type":"binary-expr","locations":[{"start":{"line":112,"column":12},"end":{"line":115,"column":null}},{"start":{"line":116,"column":17},"end":{"line":116,"column":21}}]},"4":{"loc":{"start":{"line":114,"column":16},"end":{"line":115,"column":67}},"type":"binary-expr","locations":[{"start":{"line":114,"column":16},"end":{"line":114,"column":39}},{"start":{"line":115,"column":17},"end":{"line":115,"column":38}},{"start":{"line":115,"column":42},"end":{"line":115,"column":66}}]},"5":{"loc":{"start":{"line":122,"column":45},"end":{"line":122,"column":70}},"type":"binary-expr","locations":[{"start":{"line":122,"column":45},"end":{"line":122,"column":55}},{"start":{"line":122,"column":59},"end":{"line":122,"column":70}}]},"6":{"loc":{"start":{"line":145,"column":14},"end":{"line":145,"column":62}},"type":"cond-expr","locations":[{"start":{"line":145,"column":38},"end":{"line":145,"column":58}},{"start":{"line":145,"column":61},"end":{"line":145,"column":62}}]}},"s":{"0":1,"1":1,"2":1,"3":1,"4":1,"5":6,"6":6,"7":6,"8":113,"9":113,"10":116,"11":114,"12":113,"13":228,"14":6,"15":6,"16":6,"17":3,"18":3,"19":3,"20":111,"21":111,"22":221,"23":110,"24":110,"25":328,"26":20,"27":14,"28":7,"29":9,"30":9,"31":3,"32":3,"33":3,"34":2,"35":2,"36":3,"37":4,"38":5,"39":44,"40":108,"41":1,"42":1,"43":3,"44":1,"45":1,"46":54,"47":109,"48":1,"49":1,"50":1,"51":2,"52":1,"53":1,"54":1,"55":2,"56":1,"57":1,"58":54,"59":108,"60":1,"61":1,"62":54,"63":108,"64":1,"65":1,"66":1,"67":2,"68":1},"f":{"0":1,"1":6,"2":6,"3":113,"4":116,"5":114,"6":228,"7":6,"8":6,"9":3,"10":3,"11":111,"12":221,"13":110,"14":328,"15":20,"16":14,"17":7,"18":9,"19":9,"20":3,"21":3,"22":3,"23":2,"24":2,"25":3,"26":4,"27":5,"28":44,"29":108,"30":1,"31":3,"32":54,"33":109,"34":1,"35":2,"36":1,"37":2,"38":54,"39":108,"40":54,"41":108,"42":1,"43":2},"b":{"0":[6,2],"1":[116,4],"2":[6,5,2],"3":[3,2],"4":[3,2,1],"5":[221,111],"6":[2,1]}}
,"H:\\workbench\\PERSONAL CORPUS\\AI WHISPERERS CORPORA\\AI WHISPERERS REPOS\\AI-Whisperers-Website-and-Courses\\packages\\state-core\\hooks\\src\\index.ts": {"path":"H:\\workbench\\PERSONAL CORPUS\\AI WHISPERERS CORPORA\\AI WHISPERERS REPOS\\AI-Whisperers-Website-and-Courses\\packages\\state-core\\hooks\\src\\index.ts","statementMap":{"0":{"start":{"line":6,"column":0},"end":{"line":6,"column":28}},"1":{"start":{"line":7,"column":0},"end":{"line":7,"column":32}},"2":{"start":{"line":8,"column":0},"end":{"line":8,"column":33}}},"fnMap":{},"branchMap":{},"s":{"0":0,"1":0,"2":0},"f":{},"b":{}}
,"H:\\workbench\\PERSONAL CORPUS\\AI WHISPERERS CORPORA\\AI WHISPERERS REPOS\\AI-Whisperers-Website-and-Courses\\packages\\state-core\\hooks\\src\\useCourses.ts": {"path":"H:\\workbench\\PERSONAL CORPUS\\AI WHISPERERS CORPORA\\AI WHISPERERS REPOS\\AI-Whisperers-Website-and-Courses\\packages\\state-core\\hooks\\src\\useCourses.ts","statementMap":{"0":{"start":{"line":33,"column":0},"end":{"line":33,"column":16}},"1":{"start":{"line":8,"column":0},"end":{"line":8,"column":48}},"2":{"start":{"line":9,"column":0},"end":{"line":9,"column":57}},"3":{"start":{"line":10,"column":0},"end":{"line":10,"column":50}},"4":{"start":{"line":34,"column":47},"end":{"line":34,"column":64}},"5":{"start":{"line":36,"column":2},"end":{"line":65,"column":null}},"6":{"start":{"line":39,"column":6},"end":{"line":39,"column":null}},"7":{"start":{"line":40,"column":6},"end":{"line":40,"column":null}},"8":{"start":{"line":42,"column":6},"end":{"line":63,"column":7}},"9":{"start":{"line":43,"column":20},"end":{"line":43,"column":47}},"10":{"start":{"line":45,"column":8},"end":{"line":48,"column":9}},"11":{"start":{"line":46,"column":28},"end":{"line":46,"column":62}},"12":{"start":{"line":46,"column":58},"end":{"line":46,"column":60}},"13":{"start":{"line":47,"column":10},"end":{"line":47,"column":null}},"14":{"start":{"line":50,"column":38},"end":{"line":50,"column":54}},"15":{"start":{"line":53,"column":8},"end":{"line":53,"column":null}},"16":{"start":{"line":55,"column":8},"end":{"line":55,"column":null}},"17":{"start":{"line":58,"column":10},"end":{"line":58,"column":66}},"18":{"start":{"line":59,"column":8},"end":{"line":59,"column":null}},"19":{"start":{"line":60,"column":8},"end":{"line":60,"column":null}},"20":{"start":{"line":62,"column":8},"end":{"line":62,"column":null}}},"fnMap":{"0":{"name":"useCourses","decl":{"start":{"line":33,"column":16},"end":{"line":33,"column":26}},"loc":{"start":{"line":33,"column":26},"end":{"line":66,"column":1}}},"1":{"name":"(anonymous_1)","decl":{"start":{"line":38,"column":13},"end":{"line":38,"column":18}},"loc":{"start":{"line":38,"column":24},"end":{"line":64,"column":5}}},"2":{"name":"(anonymous_2)","decl":{"start":{"line":46,"column":51},"end":{"line":46,"column":54}},"loc":{"start":{"line":46,"column":58},"end":{"line":46,"column":60}}}},"branchMap":{"0":{"loc":{"start":{"line":45,"column":8},"end":{"line":48,"column":9}},"type":"if","locations":[{"start":{"line":45,"column":8},"end":{"line":48,"column":9}}]},"1":{"loc":{"start":{"line":47,"column":26},"end":{"line":47,"column":70}},"type":"binary-expr","locations":[{"start":{"line":47,"column":26},"end":{"line":47,"column":41}},{"start":{"line":47,"column":45},"end":{"line":47,"column":70}}]},"2":{"loc":{"start":{"line":58,"column":10},"end":{"line":58,"column":66}},"type":"cond-expr","locations":[{"start":{"line":58,"column":35},"end":{"line":58,"column":48}},{"start":{"line":58,"column":51},"end":{"line":58,"column":66}}]}},"s":{"0":0,"1":0,"2":0,"3":0,"4":0,"5":0,"6":0,"7":0,"8":0,"9":0,"10":0,"11":0,"12":0,"13":0,"14":0,"15":0,"16":0,"17":0,"18":0,"19":0,"20":0},"f":{"0":0,"1":0,"2":0},"b":{"0":[0],"1":[0,0],"2":[0,0]}}
,"H:\\workbench\\PERSONAL CORPUS\\AI WHISPERERS CORPORA\\AI WHISPERERS REPOS\\AI-Whisperers-Website-and-Courses\\packages\\state-core\\hooks\\src\\useEnrollCourse.ts": {"path":"H:\\workbench\\PERSONAL CORPUS\\AI WHISPERERS CORPORA\\AI WHISPERERS REPOS\\AI-Whisperers-Website-and-Courses\\packages\\state-core\\hooks\\src\\useEnrollCourse.ts","statementMap":{"0":{"start":{"line":27,"column":0},"end":{"line":27,"column":16}},"1":{"start":{"line":8,"column":0},"end":{"line":8,"column":67}},"2":{"start":{"line":9,"column":0},"end":{"line":9,"column":57}},"3":{"start":{"line":10,"column":0},"end":{"line":10,"column":50}},"4":{"start":{"line":28,"column":22},"end":{"line":28,"column":38}},"5":{"start":{"line":29,"column":28},"end":{"line":29,"column":45}},"6":{"start":{"line":31,"column":2},"end":{"line":58,"column":null}},"7":{"start":{"line":33,"column":18},"end":{"line":38,"column":8}},"8":{"start":{"line":40,"column":6},"end":{"line":45,"column":7}},"9":{"start":{"line":41,"column":22},"end":{"line":43,"column":11}},"10":{"start":{"line":41,"column":52},"end":{"line":43,"column":10}},"11":{"start":{"line":44,"column":8},"end":{"line":44,"column":null}},"12":{"start":{"line":47,"column":6},"end":{"line":47,"column":null}},"13":{"start":{"line":51,"column":6},"end":{"line":51,"column":null}},"14":{"start":{"line":54,"column":6},"end":{"line":54,"column":null}},"15":{"start":{"line":55,"column":6},"end":{"line":55,"column":null}},"16":{"start":{"line":56,"column":6},"end":{"line":56,"column":null}}},"fnMap":{"0":{"name":"useEnrollCourse","decl":{"start":{"line":27,"column":16},"end":{"line":27,"column":31}},"loc":{"start":{"line":27,"column":31},"end":{"line":59,"column":1}}},"1":{"name":"(anonymous_1)","decl":{"start":{"line":32,"column":16},"end":{"line":32,"column":21}},"loc":{"start":{"line":32,"column":43},"end":{"line":48,"column":5}}},"2":{"name":"(anonymous_2)","decl":{"start":{"line":41,"column":45},"end":{"line":41,"column":48}},"loc":{"start":{"line":41,"column":52},"end":{"line":43,"column":10}}},"3":{"name":"(anonymous_3)","decl":{"start":{"line":49,"column":15},"end":{"line":49,"column":16}},"loc":{"start":{"line":49,"column":24},"end":{"line":57,"column":5}}}},"branchMap":{"0":{"loc":{"start":{"line":40,"column":6},"end":{"line":45,"column":7}},"type":"if","locations":[{"start":{"line":40,"column":6},"end":{"line":45,"column":7}}]},"1":{"loc":{"start":{"line":44,"column":24},"end":{"line":44,"column":75}},"type":"binary-expr","locations":[{"start":{"line":44,"column":24},"end":{"line":44,"column":35}},{"start":{"line":44,"column":39},"end":{"line":44,"column":52}},{"start":{"line":44,"column":56},"end":{"line":44,"column":75}}]}},"s":{"0":0,"1":0,"2":0,"3":0,"4":0,"5":0,"6":0,"7":0,"8":0,"9":0,"10":0,"11":0,"12":0,"13":0,"14":0,"15":0,"16":0},"f":{"0":0,"1":0,"2":0,"3":0},"b":{"0":[0],"1":[0,0,0]}}
,"H:\\workbench\\PERSONAL CORPUS\\AI WHISPERERS CORPORA\\AI WHISPERERS REPOS\\AI-Whisperers-Website-and-Courses\\packages\\state-core\\hooks\\src\\useEnrollments.ts": {"path":"H:\\workbench\\PERSONAL CORPUS\\AI WHISPERERS CORPORA\\AI WHISPERERS REPOS\\AI-Whisperers-Website-and-Courses\\packages\\state-core\\hooks\\src\\useEnrollments.ts","statementMap":{"0":{"start":{"line":26,"column":0},"end":{"line":26,"column":16}},"1":{"start":{"line":8,"column":0},"end":{"line":8,"column":48}},"2":{"start":{"line":9,"column":0},"end":{"line":9,"column":57}},"3":{"start":{"line":10,"column":0},"end":{"line":10,"column":50}},"4":{"start":{"line":27,"column":51},"end":{"line":27,"column":68}},"5":{"start":{"line":29,"column":2},"end":{"line":58,"column":null}},"6":{"start":{"line":32,"column":6},"end":{"line":32,"column":null}},"7":{"start":{"line":33,"column":6},"end":{"line":33,"column":null}},"8":{"start":{"line":35,"column":6},"end":{"line":56,"column":7}},"9":{"start":{"line":36,"column":20},"end":{"line":36,"column":61}},"10":{"start":{"line":38,"column":8},"end":{"line":41,"column":9}},"11":{"start":{"line":39,"column":28},"end":{"line":39,"column":62}},"12":{"start":{"line":39,"column":58},"end":{"line":39,"column":60}},"13":{"start":{"line":40,"column":10},"end":{"line":40,"column":null}},"14":{"start":{"line":43,"column":42},"end":{"line":43,"column":58}},"15":{"start":{"line":46,"column":8},"end":{"line":46,"column":null}},"16":{"start":{"line":48,"column":8},"end":{"line":48,"column":null}},"17":{"start":{"line":51,"column":10},"end":{"line":51,"column":66}},"18":{"start":{"line":52,"column":8},"end":{"line":52,"column":null}},"19":{"start":{"line":53,"column":8},"end":{"line":53,"column":null}},"20":{"start":{"line":55,"column":8},"end":{"line":55,"column":null}}},"fnMap":{"0":{"name":"useEnrollments","decl":{"start":{"line":26,"column":16},"end":{"line":26,"column":30}},"loc":{"start":{"line":26,"column":30},"end":{"line":59,"column":1}}},"1":{"name":"(anonymous_1)","decl":{"start":{"line":31,"column":13},"end":{"line":31,"column":18}},"loc":{"start":{"line":31,"column":24},"end":{"line":57,"column":5}}},"2":{"name":"(anonymous_2)","decl":{"start":{"line":39,"column":51},"end":{"line":39,"column":54}},"loc":{"start":{"line":39,"column":58},"end":{"line":39,"column":60}}}},"branchMap":{"0":{"loc":{"start":{"line":38,"column":8},"end":{"line":41,"column":9}},"type":"if","locations":[{"start":{"line":38,"column":8},"end":{"line":41,"column":9}}]},"1":{"loc":{"start":{"line":40,"column":26},"end":{"line":40,"column":74}},"type":"binary-expr","locations":[{"start":{"line":40,"column":26},"end":{"line":40,"column":41}},{"start":{"line":40,"column":45},"end":{"line":40,"column":74}}]},"2":{"loc":{"start":{"line":51,"column":10},"end":{"line":51,"column":66}},"type":"cond-expr","locations":[{"start":{"line":51,"column":35},"end":{"line":51,"column":48}},{"start":{"line":51,"column":51},"end":{"line":51,"column":66}}]}},"s":{"0":0,"1":0,"2":0,"3":0,"4":0,"5":0,"6":0,"7":0,"8":0,"9":0,"10":0,"11":0,"12":0,"13":0,"14":0,"15":0,"16":0,"17":0,"18":0,"19":0,"20":0},"f":{"0":0,"1":0,"2":0},"b":{"0":[0],"1":[0,0],"2":[0,0]}}
,"H:\\workbench\\PERSONAL CORPUS\\AI WHISPERERS CORPORA\\AI WHISPERERS REPOS\\AI-Whisperers-Website-and-Courses\\packages\\state-core\\query\\src\\client.ts": {"path":"H:\\workbench\\PERSONAL CORPUS\\AI WHISPERERS CORPORA\\AI WHISPERERS REPOS\\AI-Whisperers-Website-and-Courses\\packages\\state-core\\query\\src\\client.ts","statementMap":{"0":{"start":{"line":9,"column":0},"end":{"line":9,"column":51}},"1":{"start":{"line":20,"column":13},"end":{"line":33,"column":null}},"2":{"start":{"line":40,"column":13},"end":{"line":76,"column":null}},"3":{"start":{"line":44,"column":17},"end":{"line":44,"column":60}},"4":{"start":{"line":46,"column":6},"end":{"line":46,"column":58}},"5":{"start":{"line":47,"column":19},"end":{"line":47,"column":64}},"6":{"start":{"line":48,"column":28},"end":{"line":48,"column":73}},"7":{"start":{"line":49,"column":17},"end":{"line":49,"column":61}},"8":{"start":{"line":55,"column":17},"end":{"line":55,"column":64}},"9":{"start":{"line":57,"column":6},"end":{"line":57,"column":61}},"10":{"start":{"line":58,"column":19},"end":{"line":58,"column":68}},"11":{"start":{"line":59,"column":28},"end":{"line":59,"column":77}},"12":{"start":{"line":65,"column":19},"end":{"line":65,"column":62}},"13":{"start":{"line":66,"column":21},"end":{"line":66,"column":66}},"14":{"start":{"line":67,"column":20},"end":{"line":67,"column":64}},"15":{"start":{"line":68,"column":24},"end":{"line":68,"column":72}},"16":{"start":{"line":74,"column":17},"end":{"line":74,"column":59}}},"fnMap":{"0":{"name":"(anonymous_0)","decl":{"start":{"line":44,"column":11},"end":{"line":44,"column":14}},"loc":{"start":{"line":44,"column":17},"end":{"line":44,"column":60}}},"1":{"name":"(anonymous_1)","decl":{"start":{"line":45,"column":10},"end":{"line":45,"column":11}},"loc":{"start":{"line":46,"column":6},"end":{"line":46,"column":58}}},"2":{"name":"(anonymous_2)","decl":{"start":{"line":47,"column":13},"end":{"line":47,"column":16}},"loc":{"start":{"line":47,"column":19},"end":{"line":47,"column":64}}},"3":{"name":"(anonymous_3)","decl":{"start":{"line":48,"column":12},"end":{"line":48,"column":13}},"loc":{"start":{"line":48,"column":28},"end":{"line":48,"column":73}}},"4":{"name":"(anonymous_4)","decl":{"start":{"line":49,"column":11},"end":{"line":49,"column":14}},"loc":{"start":{"line":49,"column":17},"end":{"line":49,"column":61}}},"5":{"name":"(anonymous_5)","decl":{"start":{"line":55,"column":11},"end":{"line":55,"column":14}},"loc":{"start":{"line":55,"column":17},"end":{"line":55,"column":64}}},"6":{"name":"(anonymous_6)","decl":{"start":{"line":56,"column":10},"end":{"line":56,"column":11}},"loc":{"start":{"line":57,"column":6},"end":{"line":57,"column":61}}},"7":{"name":"(anonymous_7)","decl":{"start":{"line":58,"column":13},"end":{"line":58,"column":16}},"loc":{"start":{"line":58,"column":19},"end":{"line":58,"column":68}}},"8":{"name":"(anonymous_8)","decl":{"start":{"line":59,"column":12},"end":{"line":59,"column":13}},"loc":{"start":{"line":59,"column":28},"end":{"line":59,"column":77}}},"9":{"name":"(anonymous_9)","decl":{"start":{"line":65,"column":13},"end":{"line":65,"column":16}},"loc":{"start":{"line":65,"column":19},"end":{"line":65,"column":62}}},"10":{"name":"(anonymous_10)","decl":{"start":{"line":66,"column":15},"end":{"line":66,"column":18}},"loc":{"start":{"line":66,"column":21},"end":{"line":66,"column":66}}},"11":{"name":"(anonymous_11)","decl":{"start":{"line":67,"column":14},"end":{"line":67,"column":17}},"loc":{"start":{"line":67,"column":20},"end":{"line":67,"column":64}}},"12":{"name":"(anonymous_12)","decl":{"start":{"line":68,"column":18},"end":{"line":68,"column":21}},"loc":{"start":{"line":68,"column":24},"end":{"line":68,"column":72}}},"13":{"name":"(anonymous_13)","decl":{"start":{"line":74,"column":11},"end":{"line":74,"column":14}},"loc":{"start":{"line":74,"column":17},"end":{"line":74,"column":59}}}},"branchMap":{},"s":{"0":0,"1":0,"2":0,"3":0,"4":0,"5":0,"6":0,"7":0,"8":0,"9":0,"10":0,"11":0,"12":0,"13":0,"14":0,"15":0,"16":0},"f":{"0":0,"1":0,"2":0,"3":0,"4":0,"5":0,"6":0,"7":0,"8":0,"9":0,"10":0,"11":0,"12":0,"13":0},"b":{}}
,"H:\\workbench\\PERSONAL CORPUS\\AI WHISPERERS CORPORA\\AI WHISPERERS REPOS\\AI-Whisperers-Website-and-Courses\\packages\\state-core\\query\\src\\index.ts": {"path":"H:\\workbench\\PERSONAL CORPUS\\AI WHISPERERS CORPORA\\AI WHISPERERS REPOS\\AI-Whisperers-Website-and-Courses\\packages\\state-core\\query\\src\\index.ts","statementMap":{"0":{"start":{"line":6,"column":0},"end":{"line":6,"column":24}}},"fnMap":{},"branchMap":{},"s":{"0":0},"f":{},"b":{}}
,"H:\\workbench\\PERSONAL CORPUS\\AI WHISPERERS CORPORA\\AI WHISPERERS REPOS\\AI-Whisperers-Website-and-Courses\\packages\\state-core\\src\\index.ts": {"path":"H:\\workbench\\PERSONAL CORPUS\\AI WHISPERERS CORPORA\\AI WHISPERERS REPOS\\AI-Whisperers-Website-and-Courses\\packages\\state-core\\src\\index.ts","statementMap":{"0":{"start":{"line":15,"column":0},"end":{"line":15,"column":30}},"1":{"start":{"line":16,"column":0},"end":{"line":16,"column":25}},"2":{"start":{"line":17,"column":0},"end":{"line":17,"column":32}},"3":{"start":{"line":18,"column":0},"end":{"line":18,"column":28}},"4":{"start":{"line":19,"column":0},"end":{"line":19,"column":28}}},"fnMap":{},"branchMap":{},"s":{"0":0,"1":0,"2":0,"3":0,"4":0},"f":{},"b":{}}
,"H:\\workbench\\PERSONAL CORPUS\\AI WHISPERERS CORPORA\\AI WHISPERERS REPOS\\AI-Whisperers-Website-and-Courses\\packages\\state-core\\ui\\src\\index.ts": {"path":"H:\\workbench\\PERSONAL CORPUS\\AI WHISPERERS CORPORA\\AI WHISPERERS REPOS\\AI-Whisperers-Website-and-Courses\\packages\\state-core\\ui\\src\\index.ts","statementMap":{"0":{"start":{"line":6,"column":0},"end":{"line":6,"column":23}}},"fnMap":{},"branchMap":{},"s":{"0":0},"f":{},"b":{}}
,"H:\\workbench\\PERSONAL CORPUS\\AI WHISPERERS CORPORA\\AI WHISPERERS REPOS\\AI-Whisperers-Website-and-Courses\\packages\\state-core\\ui\\src\\store.ts": {"path":"H:\\workbench\\PERSONAL CORPUS\\AI WHISPERERS CORPORA\\AI WHISPERERS REPOS\\AI-Whisperers-Website-and-Courses\\packages\\state-core\\ui\\src\\store.ts","statementMap":{"0":{"start":{"line":15,"column":0},"end":{"line":15,"column":32}},"1":{"start":{"line":16,"column":0},"end":{"line":16,"column":54}},"2":{"start":{"line":65,"column":21},"end":{"line":75,"column":null}},"3":{"start":{"line":77,"column":13},"end":{"line":158,"column":null}},"4":{"start":{"line":80,"column":21},"end":{"line":142,"column":8}},"5":{"start":{"line":84,"column":29},"end":{"line":84,"column":43}},"6":{"start":{"line":87,"column":10},"end":{"line":89,"column":13}},"7":{"start":{"line":87,"column":26},"end":{"line":89,"column":12}},"8":{"start":{"line":92,"column":41},"end":{"line":92,"column":61}},"9":{"start":{"line":95,"column":10},"end":{"line":97,"column":13}},"10":{"start":{"line":95,"column":26},"end":{"line":97,"column":12}},"11":{"start":{"line":99,"column":51},"end":{"line":99,"column":76}},"12":{"start":{"line":102,"column":10},"end":{"line":104,"column":13}},"13":{"start":{"line":102,"column":26},"end":{"line":104,"column":12}},"14":{"start":{"line":108,"column":10},"end":{"line":111,"column":13}},"15":{"start":{"line":108,"column":26},"end":{"line":111,"column":12}},"16":{"start":{"line":114,"column":10},"end":{"line":120,"column":12}},"17":{"start":{"line":115,"column":29},"end":{"line":115,"column":58}},"18":{"start":{"line":116,"column":12},"end":{"line":119,"column":null}},"19":{"start":{"line":123,"column":10},"end":{"line":126,"column":12}},"20":{"start":{"line":130,"column":10},"end":{"line":130,"column":39}},"21":{"start":{"line":133,"column":10},"end":{"line":133,"column":39}},"22":{"start":{"line":136,"column":53},"end":{"line":136,"column":79}},"23":{"start":{"line":138,"column":41},"end":{"line":138,"column":61}},"24":{"start":{"line":141,"column":21},"end":{"line":141,"column":38}},"25":{"start":{"line":146,"column":32},"end":{"line":153,"column":10}},"26":{"start":{"line":161,"column":24},"end":{"line":161,"column":56}},"27":{"start":{"line":161,"column":30},"end":{"line":161,"column":56}},"28":{"start":{"line":161,"column":48},"end":{"line":161,"column":55}},"29":{"start":{"line":161,"column":13},"end":{"line":161,"column":24}},"30":{"start":{"line":162,"column":30},"end":{"line":162,"column":68}},"31":{"start":{"line":162,"column":36},"end":{"line":162,"column":68}},"32":{"start":{"line":162,"column":54},"end":{"line":162,"column":67}},"33":{"start":{"line":162,"column":13},"end":{"line":162,"column":30}},"34":{"start":{"line":163,"column":35},"end":{"line":163,"column":78}},"35":{"start":{"line":163,"column":41},"end":{"line":163,"column":78}},"36":{"start":{"line":163,"column":59},"end":{"line":163,"column":77}},"37":{"start":{"line":163,"column":13},"end":{"line":163,"column":35}},"38":{"start":{"line":164,"column":30},"end":{"line":164,"column":68}},"39":{"start":{"line":164,"column":36},"end":{"line":164,"column":68}},"40":{"start":{"line":164,"column":54},"end":{"line":164,"column":67}},"41":{"start":{"line":164,"column":13},"end":{"line":164,"column":30}},"42":{"start":{"line":165,"column":39},"end":{"line":165,"column":86}},"43":{"start":{"line":165,"column":45},"end":{"line":165,"column":86}},"44":{"start":{"line":165,"column":63},"end":{"line":165,"column":85}},"45":{"start":{"line":165,"column":13},"end":{"line":165,"column":39}},"46":{"start":{"line":166,"column":36},"end":{"line":166,"column":80}},"47":{"start":{"line":166,"column":42},"end":{"line":166,"column":80}},"48":{"start":{"line":166,"column":60},"end":{"line":166,"column":79}},"49":{"start":{"line":166,"column":13},"end":{"line":166,"column":36}},"50":{"start":{"line":167,"column":30},"end":{"line":167,"column":68}},"51":{"start":{"line":167,"column":36},"end":{"line":167,"column":68}},"52":{"start":{"line":167,"column":54},"end":{"line":167,"column":67}},"53":{"start":{"line":167,"column":13},"end":{"line":167,"column":30}}},"fnMap":{"0":{"name":"(anonymous_0)","decl":{"start":{"line":80,"column":6},"end":{"line":80,"column":7}},"loc":{"start":{"line":80,"column":21},"end":{"line":142,"column":8}}},"1":{"name":"(anonymous_1)","decl":{"start":{"line":84,"column":18},"end":{"line":84,"column":19}},"loc":{"start":{"line":84,"column":29},"end":{"line":84,"column":43}}},"2":{"name":"(anonymous_2)","decl":{"start":{"line":86,"column":21},"end":{"line":86,"column":24}},"loc":{"start":{"line":87,"column":10},"end":{"line":89,"column":13}}},"3":{"name":"(anonymous_3)","decl":{"start":{"line":87,"column":14},"end":{"line":87,"column":15}},"loc":{"start":{"line":87,"column":26},"end":{"line":89,"column":12}}},"4":{"name":"(anonymous_4)","decl":{"start":{"line":92,"column":24},"end":{"line":92,"column":25}},"loc":{"start":{"line":92,"column":41},"end":{"line":92,"column":61}}},"5":{"name":"(anonymous_5)","decl":{"start":{"line":94,"column":23},"end":{"line":94,"column":26}},"loc":{"start":{"line":95,"column":10},"end":{"line":97,"column":13}}},"6":{"name":"(anonymous_6)","decl":{"start":{"line":95,"column":14},"end":{"line":95,"column":15}},"loc":{"start":{"line":95,"column":26},"end":{"line":97,"column":12}}},"7":{"name":"(anonymous_7)","decl":{"start":{"line":99,"column":29},"end":{"line":99,"column":30}},"loc":{"start":{"line":99,"column":51},"end":{"line":99,"column":76}}},"8":{"name":"(anonymous_8)","decl":{"start":{"line":101,"column":32},"end":{"line":101,"column":35}},"loc":{"start":{"line":102,"column":10},"end":{"line":104,"column":13}}},"9":{"name":"(anonymous_9)","decl":{"start":{"line":102,"column":14},"end":{"line":102,"column":15}},"loc":{"start":{"line":102,"column":26},"end":{"line":104,"column":12}}},"10":{"name":"(anonymous_10)","decl":{"start":{"line":107,"column":19},"end":{"line":107,"column":20}},"loc":{"start":{"line":108,"column":10},"end":{"line":111,"column":13}}},"11":{"name":"(anonymous_11)","decl":{"start":{"line":108,"column":14},"end":{"line":108,"column":15}},"loc":{"start":{"line":108,"column":26},"end":{"line":111,"column":12}}},"12":{"name":"(anonymous_12)","decl":{"start":{"line":113,"column":20},"end":{"line":113,"column":23}},"loc":{"start":{"line":114,"column":10},"end":{"line":120,"column":12}}},"13":{"name":"(anonymous_13)","decl":{"start":{"line":114,"column":14},"end":{"line":114,"column":15}},"loc":{"start":{"line":114,"column":24},"end":{"line":120,"column":11}}},"14":{"name":"(anonymous_14)","decl":{"start":{"line":122,"column":24},"end":{"line":122,"column":27}},"loc":{"start":{"line":123,"column":10},"end":{"line":126,"column":12}}},"15":{"name":"(anonymous_15)","decl":{"start":{"line":129,"column":33},"end":{"line":129,"column":34}},"loc":{"start":{"line":130,"column":10},"end":{"line":130,"column":39}}},"16":{"name":"(anonymous_16)","decl":{"start":{"line":132,"column":33},"end":{"line":132,"column":34}},"loc":{"start":{"line":133,"column":10},"end":{"line":133,"column":39}}},"17":{"name":"(anonymous_17)","decl":{"start":{"line":136,"column":30},"end":{"line":136,"column":31}},"loc":{"start":{"line":136,"column":53},"end":{"line":136,"column":79}}},"18":{"name":"(anonymous_18)","decl":{"start":{"line":138,"column":24},"end":{"line":138,"column":25}},"loc":{"start":{"line":138,"column":41},"end":{"line":138,"column":61}}},"19":{"name":"(anonymous_19)","decl":{"start":{"line":141,"column":15},"end":{"line":141,"column":18}},"loc":{"start":{"line":141,"column":21},"end":{"line":141,"column":38}}},"20":{"name":"(anonymous_20)","decl":{"start":{"line":146,"column":20},"end":{"line":146,"column":21}},"loc":{"start":{"line":146,"column":32},"end":{"line":153,"column":10}}},"21":{"name":"(anonymous_21)","decl":{"start":{"line":161,"column":24},"end":{"line":161,"column":27}},"loc":{"start":{"line":161,"column":30},"end":{"line":161,"column":56}}},"22":{"name":"(anonymous_22)","decl":{"start":{"line":161,"column":41},"end":{"line":161,"column":42}},"loc":{"start":{"line":161,"column":48},"end":{"line":161,"column":55}}},"23":{"name":"(anonymous_23)","decl":{"start":{"line":162,"column":30},"end":{"line":162,"column":33}},"loc":{"start":{"line":162,"column":36},"end":{"line":162,"column":68}}},"24":{"name":"(anonymous_24)","decl":{"start":{"line":162,"column":47},"end":{"line":162,"column":48}},"loc":{"start":{"line":162,"column":54},"end":{"line":162,"column":67}}},"25":{"name":"(anonymous_25)","decl":{"start":{"line":163,"column":35},"end":{"line":163,"column":38}},"loc":{"start":{"line":163,"column":41},"end":{"line":163,"column":78}}},"26":{"name":"(anonymous_26)","decl":{"start":{"line":163,"column":52},"end":{"line":163,"column":53}},"loc":{"start":{"line":163,"column":59},"end":{"line":163,"column":77}}},"27":{"name":"(anonymous_27)","decl":{"start":{"line":164,"column":30},"end":{"line":164,"column":33}},"loc":{"start":{"line":164,"column":36},"end":{"line":164,"column":68}}},"28":{"name":"(anonymous_28)","decl":{"start":{"line":164,"column":47},"end":{"line":164,"column":48}},"loc":{"start":{"line":164,"column":54},"end":{"line":164,"column":67}}},"29":{"name":"(anonymous_29)","decl":{"start":{"line":165,"column":39},"end":{"line":165,"column":42}},"loc":{"start":{"line":165,"column":45},"end":{"line":165,"column":86}}},"30":{"name":"(anonymous_30)","decl":{"start":{"line":165,"column":56},"end":{"line":165,"column":57}},"loc":{"start":{"line":165,"column":63},"end":{"line":165,"column":85}}},"31":{"name":"(anonymous_31)","decl":{"start":{"line":166,"column":36},"end":{"line":166,"column":39}},"loc":{"start":{"line":166,"column":42},"end":{"line":166,"column":80}}},"32":{"name":"(anonymous_32)","decl":{"start":{"line":166,"column":53},"end":{"line":166,"column":54}},"loc":{"start":{"line":166,"column":60},"end":{"line":166,"column":79}}},"33":{"name":"(anonymous_33)","decl":{"start":{"line":167,"column":30},"end":{"line":167,"column":33}},"loc":{"start":{"line":167,"column":36},"end":{"line":167,"column":68}}},"34":{"name":"(anonymous_34)","decl":{"start":{"line":167,"column":47},"end":{"line":167,"column":48}},"loc":{"start":{"line":167,"column":54},"end":{"line":167,"column":67}}}},"branchMap":{"0":{"loc":{"start":{"line":88,"column":19},"end":{"line":88,"column":61}},"type":"cond-expr","locations":[{"start":{"line":88,"column":45},"end":{"line":88,"column":51}},{"start":{"line":88,"column":54},"end":{"line":88,"column":61}}]},"1":{"loc":{"start":{"line":118,"column":27},"end":{"line":118,"column":64}},"type":"binary-expr","locations":[{"start":{"line":118,"column":27},"end":{"line":118,"column":56}},{"start":{"line":118,"column":60},"end":{"line":118,"column":64}}]}},"s":{"0":1,"1":1,"2":1,"3":1,"4":1,"5":9,"6":2,"7":2,"8":3,"9":2,"10":2,"11":4,"12":2,"13":2,"14":14,"15":14,"16":5,"17":5,"18":5,"19":2,"20":3,"21":6,"22":4,"23":4,"24":31,"25":91,"26":1,"27":1,"28":3,"29":1,"30":1,"31":1,"32":3,"33":1,"34":1,"35":1,"36":3,"37":1,"38":1,"39":1,"40":3,"41":1,"42":1,"43":1,"44":3,"45":1,"46":1,"47":1,"48":3,"49":1,"50":1,"51":1,"52":3,"53":1},"f":{"0":1,"1":9,"2":2,"3":2,"4":3,"5":2,"6":2,"7":4,"8":2,"9":2,"10":14,"11":14,"12":5,"13":5,"14":2,"15":3,"16":6,"17":4,"18":4,"19":31,"20":91,"21":1,"22":3,"23":1,"24":3,"25":1,"26":3,"27":1,"28":3,"29":1,"30":3,"31":1,"32":3,"33":1,"34":3},"b":{"0":[1,1],"1":[5,3]}}
}
