TN:
SF:analytics\src\index.ts
FNF:0
FNH:0
DA:6,0
LF:1
LH:0
BRF:0
BRH:0
end_of_record
TN:
SF:analytics\src\store.ts
FN:93,(anonymous_0)
FN:97,(anonymous_1)
FN:102,(anonymous_2)
FN:107,(anonymous_3)
FN:113,(anonymous_4)
FN:116,(anonymous_5)
FN:123,(anonymous_6)
FN:124,(anonymous_7)
FN:128,(anonymous_8)
FN:134,(anonymous_9)
FN:142,(anonymous_10)
FN:150,(anonymous_11)
FN:151,(anonymous_12)
FN:164,(anonymous_13)
FN:165,(anonymous_14)
FN:166,(anonymous_15)
FN:172,(anonymous_16)
FN:175,(anonymous_17)
FN:176,(anonymous_18)
FN:188,(anonymous_19)
FN:189,(anonymous_20)
FN:201,(anonymous_21)
FN:202,(anonymous_22)
FN:219,(anonymous_23)
FN:220,(anonymous_24)
FN:238,(anonymous_25)
FN:245,(anonymous_26)
FN:245,(anonymous_27)
FN:246,(anonymous_28)
FN:246,(anonymous_29)
FN:247,(anonymous_30)
FN:247,(anonymous_31)
FN:248,(anonymous_32)
FN:248,(anonymous_33)
FN:249,(anonymous_34)
FN:249,(anonymous_35)
FN:250,(anonymous_36)
FN:251,(anonymous_37)
FNF:38
FNH:38
FNDA:1,(anonymous_0)
FNDA:4,(anonymous_1)
FNDA:4,(anonymous_2)
FNDA:5,(anonymous_3)
FNDA:111,(anonymous_4)
FNDA:239,(anonymous_5)
FNDA:127,(anonymous_6)
FNDA:16,(anonymous_7)
FNDA:4,(anonymous_8)
FNDA:8,(anonymous_9)
FNDA:2,(anonymous_10)
FNDA:39,(anonymous_11)
FNDA:39,(anonymous_12)
FNDA:2,(anonymous_13)
FNDA:2,(anonymous_14)
FNDA:3,(anonymous_15)
FNDA:2,(anonymous_16)
FNDA:16,(anonymous_17)
FNDA:16,(anonymous_18)
FNDA:2,(anonymous_19)
FNDA:2,(anonymous_20)
FNDA:10,(anonymous_21)
FNDA:10,(anonymous_22)
FNDA:7,(anonymous_23)
FNDA:7,(anonymous_24)
FNDA:34,(anonymous_25)
FNDA:1,(anonymous_26)
FNDA:3,(anonymous_27)
FNDA:1,(anonymous_28)
FNDA:3,(anonymous_29)
FNDA:1,(anonymous_30)
FNDA:3,(anonymous_31)
FNDA:1,(anonymous_32)
FNDA:3,(anonymous_33)
FNDA:54,(anonymous_34)
FNDA:109,(anonymous_35)
FNDA:1,(anonymous_36)
FNDA:2,(anonymous_37)
DA:14,1
DA:15,1
DA:82,1
DA:91,1
DA:93,1
DA:98,4
DA:99,4
DA:103,4
DA:104,4
DA:108,5
DA:109,5
DA:110,4
DA:114,111
DA:115,111
DA:117,239
DA:118,239
DA:122,111
DA:123,127
DA:124,16
DA:129,4
DA:130,4
DA:135,8
DA:136,8
DA:143,2
DA:151,39
DA:165,2
DA:167,3
DA:172,2
DA:176,16
DA:189,2
DA:202,10
DA:203,10
DA:204,10
DA:220,7
DA:221,7
DA:222,7
DA:238,34
DA:245,3
DA:246,3
DA:247,3
DA:248,3
DA:249,109
DA:250,1
DA:251,2
LF:44
LH:44
BRDA:109,0,0,1
BRDA:117,1,0,239
BRDA:117,1,1,127
BRDA:130,2,0,4
BRDA:130,2,1,1
BRDA:167,3,0,3
BRDA:167,3,1,0
BRDA:167,4,0,3
BRDA:167,4,1,3
BRDA:209,5,0,10
BRDA:209,5,1,8
BRDA:210,6,0,10
BRDA:210,6,1,10
BRDA:212,7,0,10
BRDA:212,7,1,10
BRDA:227,8,0,7
BRDA:227,8,1,3
BRDA:228,9,0,7
BRDA:228,9,1,5
BRDA:230,10,0,7
BRDA:230,10,1,7
BRF:21
BRH:20
end_of_record
TN:
SF:courses\src\index.ts
FNF:0
FNH:0
DA:6,0
LF:1
LH:0
BRF:0
BRH:0
end_of_record
TN:
SF:courses\src\store.ts
FN:83,(anonymous_0)
FN:87,(anonymous_1)
FN:89,(anonymous_2)
FN:92,(anonymous_3)
FN:95,(anonymous_4)
FN:96,(anonymous_5)
FN:97,(anonymous_6)
FN:100,(anonymous_7)
FN:103,(anonymous_8)
FN:109,(anonymous_9)
FN:113,(anonymous_10)
FN:120,(anonymous_11)
FN:122,(anonymous_12)
FN:125,(anonymous_13)
FN:127,(anonymous_14)
FN:131,(anonymous_15)
FN:133,(anonymous_16)
FN:135,(anonymous_17)
FN:137,(anonymous_18)
FN:138,(anonymous_19)
FN:142,(anonymous_20)
FN:143,(anonymous_21)
FN:144,(anonymous_22)
FN:149,(anonymous_23)
FN:150,(anonymous_24)
FN:151,(anonymous_25)
FN:154,(anonymous_26)
FN:156,(anonymous_27)
FN:158,(anonymous_28)
FN:163,(anonymous_29)
FN:174,(anonymous_30)
FN:174,(anonymous_31)
FN:175,(anonymous_32)
FN:175,(anonymous_33)
FN:176,(anonymous_34)
FN:176,(anonymous_35)
FN:177,(anonymous_36)
FN:177,(anonymous_37)
FN:178,(anonymous_38)
FN:178,(anonymous_39)
FN:179,(anonymous_40)
FN:179,(anonymous_41)
FN:180,(anonymous_42)
FN:181,(anonymous_43)
FNF:44
FNH:44
FNDA:1,(anonymous_0)
FNDA:6,(anonymous_1)
FNDA:6,(anonymous_2)
FNDA:113,(anonymous_3)
FNDA:116,(anonymous_4)
FNDA:114,(anonymous_5)
FNDA:228,(anonymous_6)
FNDA:6,(anonymous_7)
FNDA:6,(anonymous_8)
FNDA:3,(anonymous_9)
FNDA:3,(anonymous_10)
FNDA:111,(anonymous_11)
FNDA:221,(anonymous_12)
FNDA:110,(anonymous_13)
FNDA:328,(anonymous_14)
FNDA:20,(anonymous_15)
FNDA:14,(anonymous_16)
FNDA:7,(anonymous_17)
FNDA:9,(anonymous_18)
FNDA:9,(anonymous_19)
FNDA:3,(anonymous_20)
FNDA:3,(anonymous_21)
FNDA:3,(anonymous_22)
FNDA:2,(anonymous_23)
FNDA:2,(anonymous_24)
FNDA:3,(anonymous_25)
FNDA:4,(anonymous_26)
FNDA:5,(anonymous_27)
FNDA:44,(anonymous_28)
FNDA:108,(anonymous_29)
FNDA:1,(anonymous_30)
FNDA:3,(anonymous_31)
FNDA:54,(anonymous_32)
FNDA:109,(anonymous_33)
FNDA:1,(anonymous_34)
FNDA:2,(anonymous_35)
FNDA:1,(anonymous_36)
FNDA:2,(anonymous_37)
FNDA:54,(anonymous_38)
FNDA:108,(anonymous_39)
FNDA:54,(anonymous_40)
FNDA:108,(anonymous_41)
FNDA:1,(anonymous_42)
FNDA:2,(anonymous_43)
DA:14,1
DA:15,1
DA:72,1
DA:80,1
DA:83,1
DA:88,6
DA:89,6
DA:93,113
DA:94,113
DA:95,116
DA:96,114
DA:97,228
DA:101,6
DA:102,6
DA:104,6
DA:110,3
DA:111,3
DA:114,3
DA:121,111
DA:122,221
DA:126,110
DA:127,328
DA:131,20
DA:133,14
DA:135,7
DA:138,9
DA:143,3
DA:145,3
DA:150,2
DA:151,3
DA:154,4
DA:156,5
DA:158,44
DA:163,108
DA:174,3
DA:175,109
DA:176,2
DA:177,2
DA:178,108
DA:179,108
DA:180,1
DA:181,2
LF:42
LH:42
BRDA:89,0,0,6
BRDA:89,0,1,2
BRDA:95,1,0,116
BRDA:95,1,1,4
BRDA:104,2,0,6
BRDA:104,2,1,5
BRDA:104,2,2,2
BRDA:112,3,0,3
BRDA:112,3,1,2
BRDA:114,4,0,3
BRDA:114,4,1,2
BRDA:114,4,2,1
BRDA:122,5,0,221
BRDA:122,5,1,111
BRDA:145,6,0,2
BRDA:145,6,1,1
BRF:16
BRH:16
end_of_record
TN:
SF:hooks\src\index.ts
FNF:0
FNH:0
DA:6,0
DA:7,0
DA:8,0
LF:3
LH:0
BRF:0
BRH:0
end_of_record
TN:
SF:hooks\src\useCourses.ts
FN:33,useCourses
FN:38,(anonymous_1)
FN:46,(anonymous_2)
FNF:3
FNH:0
FNDA:0,useCourses
FNDA:0,(anonymous_1)
FNDA:0,(anonymous_2)
DA:8,0
DA:9,0
DA:10,0
DA:33,0
DA:34,0
DA:36,0
DA:39,0
DA:40,0
DA:42,0
DA:43,0
DA:45,0
DA:46,0
DA:47,0
DA:50,0
DA:53,0
DA:55,0
DA:58,0
DA:59,0
DA:60,0
DA:62,0
LF:20
LH:0
BRDA:45,0,0,0
BRDA:47,1,0,0
BRDA:47,1,1,0
BRDA:58,2,0,0
BRDA:58,2,1,0
BRF:5
BRH:0
end_of_record
TN:
SF:hooks\src\useEnrollCourse.ts
FN:27,useEnrollCourse
FN:32,(anonymous_1)
FN:41,(anonymous_2)
FN:49,(anonymous_3)
FNF:4
FNH:0
FNDA:0,useEnrollCourse
FNDA:0,(anonymous_1)
FNDA:0,(anonymous_2)
FNDA:0,(anonymous_3)
DA:8,0
DA:9,0
DA:10,0
DA:27,0
DA:28,0
DA:29,0
DA:31,0
DA:33,0
DA:40,0
DA:41,0
DA:44,0
DA:47,0
DA:51,0
DA:54,0
DA:55,0
DA:56,0
LF:16
LH:0
BRDA:40,0,0,0
BRDA:44,1,0,0
BRDA:44,1,1,0
BRDA:44,1,2,0
BRF:4
BRH:0
end_of_record
TN:
SF:hooks\src\useEnrollments.ts
FN:26,useEnrollments
FN:31,(anonymous_1)
FN:39,(anonymous_2)
FNF:3
FNH:0
FNDA:0,useEnrollments
FNDA:0,(anonymous_1)
FNDA:0,(anonymous_2)
DA:8,0
DA:9,0
DA:10,0
DA:26,0
DA:27,0
DA:29,0
DA:32,0
DA:33,0
DA:35,0
DA:36,0
DA:38,0
DA:39,0
DA:40,0
DA:43,0
DA:46,0
DA:48,0
DA:51,0
DA:52,0
DA:53,0
DA:55,0
LF:20
LH:0
BRDA:38,0,0,0
BRDA:40,1,0,0
BRDA:40,1,1,0
BRDA:51,2,0,0
BRDA:51,2,1,0
BRF:5
BRH:0
end_of_record
TN:
SF:query\src\client.ts
FN:44,(anonymous_0)
FN:45,(anonymous_1)
FN:47,(anonymous_2)
FN:48,(anonymous_3)
FN:49,(anonymous_4)
FN:55,(anonymous_5)
FN:56,(anonymous_6)
FN:58,(anonymous_7)
FN:59,(anonymous_8)
FN:65,(anonymous_9)
FN:66,(anonymous_10)
FN:67,(anonymous_11)
FN:68,(anonymous_12)
FN:74,(anonymous_13)
FNF:14
FNH:0
FNDA:0,(anonymous_0)
FNDA:0,(anonymous_1)
FNDA:0,(anonymous_2)
FNDA:0,(anonymous_3)
FNDA:0,(anonymous_4)
FNDA:0,(anonymous_5)
FNDA:0,(anonymous_6)
FNDA:0,(anonymous_7)
FNDA:0,(anonymous_8)
FNDA:0,(anonymous_9)
FNDA:0,(anonymous_10)
FNDA:0,(anonymous_11)
FNDA:0,(anonymous_12)
FNDA:0,(anonymous_13)
DA:9,0
DA:20,0
DA:40,0
DA:44,0
DA:46,0
DA:47,0
DA:48,0
DA:49,0
DA:55,0
DA:57,0
DA:58,0
DA:59,0
DA:65,0
DA:66,0
DA:67,0
DA:68,0
DA:74,0
LF:17
LH:0
BRF:0
BRH:0
end_of_record
TN:
SF:query\src\index.ts
FNF:0
FNH:0
DA:6,0
LF:1
LH:0
BRF:0
BRH:0
end_of_record
TN:
SF:src\index.ts
FNF:0
FNH:0
DA:15,0
DA:16,0
DA:17,0
DA:18,0
DA:19,0
LF:5
LH:0
BRF:0
BRH:0
end_of_record
TN:
SF:ui\src\index.ts
FNF:0
FNH:0
DA:6,0
LF:1
LH:0
BRF:0
BRH:0
end_of_record
TN:
SF:ui\src\store.ts
FN:80,(anonymous_0)
FN:84,(anonymous_1)
FN:86,(anonymous_2)
FN:87,(anonymous_3)
FN:92,(anonymous_4)
FN:94,(anonymous_5)
FN:95,(anonymous_6)
FN:99,(anonymous_7)
FN:101,(anonymous_8)
FN:102,(anonymous_9)
FN:107,(anonymous_10)
FN:108,(anonymous_11)
FN:113,(anonymous_12)
FN:114,(anonymous_13)
FN:122,(anonymous_14)
FN:129,(anonymous_15)
FN:132,(anonymous_16)
FN:136,(anonymous_17)
FN:138,(anonymous_18)
FN:141,(anonymous_19)
FN:146,(anonymous_20)
FN:161,(anonymous_21)
FN:161,(anonymous_22)
FN:162,(anonymous_23)
FN:162,(anonymous_24)
FN:163,(anonymous_25)
FN:163,(anonymous_26)
FN:164,(anonymous_27)
FN:164,(anonymous_28)
FN:165,(anonymous_29)
FN:165,(anonymous_30)
FN:166,(anonymous_31)
FN:166,(anonymous_32)
FN:167,(anonymous_33)
FN:167,(anonymous_34)
FNF:35
FNH:35
FNDA:1,(anonymous_0)
FNDA:9,(anonymous_1)
FNDA:2,(anonymous_2)
FNDA:2,(anonymous_3)
FNDA:3,(anonymous_4)
FNDA:2,(anonymous_5)
FNDA:2,(anonymous_6)
FNDA:4,(anonymous_7)
FNDA:2,(anonymous_8)
FNDA:2,(anonymous_9)
FNDA:14,(anonymous_10)
FNDA:14,(anonymous_11)
FNDA:5,(anonymous_12)
FNDA:5,(anonymous_13)
FNDA:2,(anonymous_14)
FNDA:3,(anonymous_15)
FNDA:6,(anonymous_16)
FNDA:4,(anonymous_17)
FNDA:4,(anonymous_18)
FNDA:31,(anonymous_19)
FNDA:91,(anonymous_20)
FNDA:1,(anonymous_21)
FNDA:3,(anonymous_22)
FNDA:1,(anonymous_23)
FNDA:3,(anonymous_24)
FNDA:1,(anonymous_25)
FNDA:3,(anonymous_26)
FNDA:1,(anonymous_27)
FNDA:3,(anonymous_28)
FNDA:1,(anonymous_29)
FNDA:3,(anonymous_30)
FNDA:1,(anonymous_31)
FNDA:3,(anonymous_32)
FNDA:1,(anonymous_33)
FNDA:3,(anonymous_34)
DA:15,1
DA:16,1
DA:65,1
DA:77,1
DA:80,1
DA:84,9
DA:87,2
DA:92,3
DA:95,2
DA:99,4
DA:102,2
DA:108,14
DA:114,5
DA:115,5
DA:116,5
DA:123,2
DA:130,3
DA:133,6
DA:136,4
DA:138,4
DA:141,31
DA:146,91
DA:161,3
DA:162,3
DA:163,3
DA:164,3
DA:165,3
DA:166,3
DA:167,3
LF:29
LH:29
BRDA:88,0,0,1
BRDA:88,0,1,1
BRDA:118,1,0,5
BRDA:118,1,1,3
BRF:4
BRH:4
end_of_record
